<?xml version="1.0" encoding="UTF-8"?>
<!-- Generated by org.testng.reporters.JUnitReportReporter -->
<testsuite hostname="Nuke-Macbook.local" failures="0" tests="2" name="test.login" time="5.058" errors="0" timestamp="2021-02-18T20:38:24 WAT" skipped="0">
  <testcase classname="test.login" name="log" time="4.629"/>
  <system-out/>
  <testcase classname="test.login" name="logn" time="0.429"/>
  <system-out/>
</testsuite> <!-- test.login -->
