<?xml version="1.0" encoding="UTF-8"?>
<!-- Generated by org.testng.reporters.JUnitReportReporter -->
<testsuite hostname="Nuke-Macbook.local" failures="0" tests="1" name="test.login" time="28.441" errors="0" timestamp="2021-02-16T16:06:53 WAT" skipped="0">
  <testcase classname="test.login" name="log" time="28.441"/>
  <system-out/>
</testsuite> <!-- test.login -->
